#
# An unexpected error has been detected by Java Runtime Environment:
#
#  EXCEPTION_ACCESS_VIOLATION (0xc0000005) at pc=0x77cc1048, pid=3060, tid=3124
#
# Java VM: Java HotSpot(TM) Client VM (1.6.0-b105 mixed mode, sharing)
# Problematic frame:
# C  [ntdll.dll+0x1048]
#
# If you would like to submit a bug report, please visit:
#   http://java.sun.com/webapps/bugreport/crash.jsp
#

---------------  T H R E A D  ---------------

Current thread (0x032dc800):  JavaThread "AWT-EventQueue-0" [_thread_in_native, id=3124]

siginfo: ExceptionCode=0xc0000005, reading address 0x00000018

Registers:
EAX=0x00000004, EBX=0x269b3380, ECX=0x7ffac000, EDX=0x00000004
ESP=0x030cf4c8, EBP=0x030cf4e0, ESI=0x00000000, EDI=0x03132578
EIP=0x77cc1048, EFLAGS=0x00010246

Top of Stack: (sp=0x030cf4c8)
0x030cf4c8:   031206be 00000004 0313259c 030f2f1f
0x030cf4d8:   0313259c 03132578 030cf4f0 030f5235
0x030cf4e8:   0313259c 032dc8e8 030cf504 030f787a
0x030cf4f8:   03132578 03120000 030cfd64 030cf520
0x030cf508:   030f92e4 03132578 030cf540 00000003
0x030cf518:   03298508 032dc8e8 030cf538 6d3f124e
0x030cf528:   03132578 030cf540 032dc800 269b3380
0x030cf538:   030cf578 008fa460 00000000 030cf594 

Instructions: (pc=0x77cc1048)
0x77cc1038:   90 90 90 90 90 64 8b 0d 18 00 00 00 8b 54 24 04
0x77cc1048:   83 7a 14 00 75 54 90 90 90 90 90 f0 ff 42 04 75 


Stack: [0x03080000,0x030d0000),  sp=0x030cf4c8,  free space=317k
Native frames: (J=compiled Java code, j=interpreted, Vv=VM code, C=native code)
C  [ntdll.dll+0x1048]
C  [ODBC32.dll+0x5235]
C  [ODBC32.dll+0x787a]
C  [ODBC32.dll+0x92e4]
C  [JdbcOdbc.dll+0x124e]
j  sun.jdbc.odbc.JdbcOdbc.allocStmt(J[B)J+0
j  sun.jdbc.odbc.JdbcOdbc.SQLAllocStmt(J)J+47
j  sun.jdbc.odbc.JdbcOdbcConnection.createStatement(II)Ljava/sql/Statement;+27
j  sun.jdbc.odbc.JdbcOdbcConnection.createStatement()Ljava/sql/Statement;+7
j  dist.actionPerformed(Ljava/awt/event/ActionEvent;)V+53
j  javax.swing.AbstractButton.fireActionPerformed(Ljava/awt/event/ActionEvent;)V+84
j  javax.swing.AbstractButton$Handler.actionPerformed(Ljava/awt/event/ActionEvent;)V+5
j  javax.swing.DefaultButtonModel.fireActionPerformed(Ljava/awt/event/ActionEvent;)V+35
j  javax.swing.DefaultButtonModel.setPressed(Z)V+117
j  javax.swing.plaf.basic.BasicButtonListener.mouseReleased(Ljava/awt/event/MouseEvent;)V+35
j  java.awt.Component.processMouseEvent(Ljava/awt/event/MouseEvent;)V+64
j  javax.swing.JComponent.processMouseEvent(Ljava/awt/event/MouseEvent;)V+23
j  java.awt.Component.processEvent(Ljava/awt/AWTEvent;)V+81
j  java.awt.Container.processEvent(Ljava/awt/AWTEvent;)V+18
J  java.awt.Component.dispatchEventImpl(Ljava/awt/AWTEvent;)V
J  java.awt.Container.dispatchEventImpl(Ljava/awt/AWTEvent;)V
J  java.awt.LightweightDispatcher.retargetMouseEvent(Ljava/awt/Component;ILjava/awt/event/MouseEvent;)V
J  java.awt.LightweightDispatcher.processMouseEvent(Ljava/awt/event/MouseEvent;)Z
J  java.awt.LightweightDispatcher.dispatchEvent(Ljava/awt/AWTEvent;)Z
J  java.awt.Container.dispatchEventImpl(Ljava/awt/AWTEvent;)V
J  java.awt.Window.dispatchEventImpl(Ljava/awt/AWTEvent;)V
J  java.awt.EventQueue.dispatchEvent(Ljava/awt/AWTEvent;)V
J  java.awt.EventDispatchThread.pumpOneEventForFilters(I)Z
j  java.awt.EventDispatchThread.pumpEventsForFilter(ILjava/awt/Conditional;Ljava/awt/EventFilter;)V+30
j  java.awt.EventDispatchThread.pumpEventsForHierarchy(ILjava/awt/Conditional;Ljava/awt/Component;)V+11
j  java.awt.EventDispatchThread.pumpEvents(ILjava/awt/Conditional;)V+4
j  java.awt.EventDispatchThread.pumpEvents(Ljava/awt/Conditional;)V+3
j  java.awt.EventDispatchThread.run()V+9
v  ~StubRoutines::call_stub

Java frames: (J=compiled Java code, j=interpreted, Vv=VM code)
j  sun.jdbc.odbc.JdbcOdbc.allocStmt(J[B)J+0
j  sun.jdbc.odbc.JdbcOdbc.SQLAllocStmt(J)J+47
j  sun.jdbc.odbc.JdbcOdbcConnection.createStatement(II)Ljava/sql/Statement;+27
j  sun.jdbc.odbc.JdbcOdbcConnection.createStatement()Ljava/sql/Statement;+7
j  dist.actionPerformed(Ljava/awt/event/ActionEvent;)V+53
j  javax.swing.AbstractButton.fireActionPerformed(Ljava/awt/event/ActionEvent;)V+84
j  javax.swing.AbstractButton$Handler.actionPerformed(Ljava/awt/event/ActionEvent;)V+5
j  javax.swing.DefaultButtonModel.fireActionPerformed(Ljava/awt/event/ActionEvent;)V+35
j  javax.swing.DefaultButtonModel.setPressed(Z)V+117
j  javax.swing.plaf.basic.BasicButtonListener.mouseReleased(Ljava/awt/event/MouseEvent;)V+35
j  java.awt.Component.processMouseEvent(Ljava/awt/event/MouseEvent;)V+64
j  javax.swing.JComponent.processMouseEvent(Ljava/awt/event/MouseEvent;)V+23
j  java.awt.Component.processEvent(Ljava/awt/AWTEvent;)V+81
j  java.awt.Container.processEvent(Ljava/awt/AWTEvent;)V+18
J  java.awt.Component.dispatchEventImpl(Ljava/awt/AWTEvent;)V
J  java.awt.Container.dispatchEventImpl(Ljava/awt/AWTEvent;)V
J  java.awt.LightweightDispatcher.retargetMouseEvent(Ljava/awt/Component;ILjava/awt/event/MouseEvent;)V
J  java.awt.LightweightDispatcher.processMouseEvent(Ljava/awt/event/MouseEvent;)Z
J  java.awt.LightweightDispatcher.dispatchEvent(Ljava/awt/AWTEvent;)Z
J  java.awt.Container.dispatchEventImpl(Ljava/awt/AWTEvent;)V
J  java.awt.Window.dispatchEventImpl(Ljava/awt/AWTEvent;)V
J  java.awt.EventQueue.dispatchEvent(Ljava/awt/AWTEvent;)V
J  java.awt.EventDispatchThread.pumpOneEventForFilters(I)Z
j  java.awt.EventDispatchThread.pumpEventsForFilter(ILjava/awt/Conditional;Ljava/awt/EventFilter;)V+30
j  java.awt.EventDispatchThread.pumpEventsForHierarchy(ILjava/awt/Conditional;Ljava/awt/Component;)V+11
j  java.awt.EventDispatchThread.pumpEvents(ILjava/awt/Conditional;)V+4
j  java.awt.EventDispatchThread.pumpEvents(Ljava/awt/Conditional;)V+3
j  java.awt.EventDispatchThread.run()V+9
v  ~StubRoutines::call_stub

---------------  P R O C E S S  ---------------

Java Threads: ( => current thread )
  0x02a7e800 JavaThread "TimerQueue" daemon [_thread_blocked, id=3164]
  0x00296000 JavaThread "DestroyJavaVM" [_thread_blocked, id=3068]
=>0x032dc800 JavaThread "AWT-EventQueue-0" [_thread_in_native, id=3124]
  0x032e7800 JavaThread "AWT-Shutdown" [_thread_blocked, id=3120]
  0x02aa5c00 JavaThread "AWT-Windows" daemon [_thread_in_native, id=3112]
  0x02aa3c00 JavaThread "Java2D Disposer" daemon [_thread_blocked, id=3104]
  0x02a5c800 JavaThread "Low Memory Detector" daemon [_thread_blocked, id=3096]
  0x02a57c00 JavaThread "CompilerThread0" daemon [_thread_blocked, id=3092]
  0x02a56800 JavaThread "Attach Listener" daemon [_thread_blocked, id=3088]
  0x02a55800 JavaThread "Signal Dispatcher" daemon [_thread_blocked, id=3084]
  0x02a51400 JavaThread "Finalizer" daemon [_thread_blocked, id=3080]
  0x02a4cc00 JavaThread "Reference Handler" daemon [_thread_blocked, id=3076]

Other Threads:
  0x02a43c00 VMThread [id=3072]
  0x02a5e000 WatcherThread [id=3100]

VM state:not at safepoint (normal execution)

VM Mutex/Monitor currently owned by a thread: None

Heap
 def new generation   total 960K, used 367K [0x22960000, 0x22a60000, 0x22e40000)
  eden space 896K,  33% used [0x22960000, 0x229abed8, 0x22a40000)
  from space 64K, 100% used [0x22a50000, 0x22a60000, 0x22a60000)
  to   space 64K,   0% used [0x22a40000, 0x22a40000, 0x22a50000)
 tenured generation   total 4096K, used 4065K [0x22e40000, 0x23240000, 0x26960000)
   the space 4096K,  99% used [0x22e40000, 0x23238418, 0x23238600, 0x23240000)
 compacting perm gen  total 12288K, used 975K [0x26960000, 0x27560000, 0x2a960000)
   the space 12288K,   7% used [0x26960000, 0x26a53c68, 0x26a53e00, 0x27560000)
    ro space 8192K,  66% used [0x2a960000, 0x2aea9920, 0x2aea9a00, 0x2b160000)
    rw space 12288K,  52% used [0x2b160000, 0x2b7a6130, 0x2b7a6200, 0x2bd60000)

Dynamic libraries:
0x00400000 - 0x00423000 	C:\Java\jdk1.6\bin\java.exe
0x77cc0000 - 0x77d75000 	C:\WINDOWS\system32\ntdll.dll
0x77e60000 - 0x77f50000 	C:\WINDOWS\system32\kernel32.dll
0x77f50000 - 0x77feb000 	C:\WINDOWS\system32\ADVAPI32.dll
0x77340000 - 0x773d1000 	C:\WINDOWS\system32\RPCRT4.dll
0x7c340000 - 0x7c396000 	C:\Java\jdk1.6\jre\bin\msvcr71.dll
0x6d7c0000 - 0x6da07000 	C:\Java\jdk1.6\jre\bin\client\jvm.dll
0x77d80000 - 0x77e11000 	C:\WINDOWS\system32\USER32.dll
0x773e0000 - 0x77425000 	C:\WINDOWS\system32\GDI32.dll
0x76b40000 - 0x76b6d000 	C:\WINDOWS\system32\WINMM.dll
0x6d310000 - 0x6d318000 	C:\Java\jdk1.6\jre\bin\hpi.dll
0x76bf0000 - 0x76bfb000 	C:\WINDOWS\system32\PSAPI.DLL
0x6d770000 - 0x6d77c000 	C:\Java\jdk1.6\jre\bin\verify.dll
0x6d3b0000 - 0x6d3cf000 	C:\Java\jdk1.6\jre\bin\java.dll
0x6d7b0000 - 0x6d7bf000 	C:\Java\jdk1.6\jre\bin\zip.dll
0x6d000000 - 0x6d1c3000 	C:\Java\jdk1.6\jre\bin\awt.dll
0x73000000 - 0x73026000 	C:\WINDOWS\system32\WINSPOOL.DRV
0x77c10000 - 0x77c68000 	C:\WINDOWS\system32\msvcrt.dll
0x76390000 - 0x763ad000 	C:\WINDOWS\system32\IMM32.dll
0x774d0000 - 0x7760d000 	C:\WINDOWS\system32\ole32.dll
0x5ad70000 - 0x5ada7000 	C:\WINDOWS\system32\uxtheme.dll
0x73760000 - 0x737a9000 	C:\WINDOWS\system32\ddraw.dll
0x73bc0000 - 0x73bc6000 	C:\WINDOWS\system32\DCIMAN32.dll
0x7c800000 - 0x7d010000 	C:\WINDOWS\system32\shell32.dll
0x772d0000 - 0x7731e000 	C:\WINDOWS\system32\SHLWAPI.dll
0x4d6c0000 - 0x4d7ac000 	C:\WINDOWS\WinSxS\x86_Microsoft.Windows.Common-Controls_6595b64144ccf1df_6.0.2600.2096_x-ww_a7d210bd\comctl32.dll
0x77430000 - 0x774ca000 	C:\WINDOWS\system32\comctl32.dll
0x6d2b0000 - 0x6d303000 	C:\Java\jdk1.6\jre\bin\fontmanager.dll
0x6d570000 - 0x6d583000 	C:\Java\jdk1.6\jre\bin\net.dll
0x71ab0000 - 0x71ac7000 	C:\WINDOWS\system32\WS2_32.dll
0x71aa0000 - 0x71aa8000 	C:\WINDOWS\system32\WS2HELP.dll
0x6d590000 - 0x6d599000 	C:\Java\jdk1.6\jre\bin\nio.dll
0x6d450000 - 0x6d474000 	C:\Java\jdk1.6\jre\bin\jpeg.dll
0x6d3f0000 - 0x6d3fd000 	C:\Java\jdk1.6\jre\bin\JdbcOdbc.dll
0x030f0000 - 0x03128000 	C:\WINDOWS\system32\ODBC32.dll
0x763b0000 - 0x763f9000 	C:\WINDOWS\system32\comdlg32.dll
0x03470000 - 0x03487000 	C:\WINDOWS\system32\odbcint.dll
0x03490000 - 0x034d4000 	C:\WINDOWS\system32\odbcjt32.dll
0x1b000000 - 0x1b170000 	C:\WINDOWS\system32\msjet40.dll
0x1b5d0000 - 0x1b665000 	C:\WINDOWS\system32\mswstr10.dll
0x77120000 - 0x771ac000 	C:\WINDOWS\system32\OLEAUT32.dll
0x03500000 - 0x0350e000 	C:\WINDOWS\system32\odbcji32.dll
0x1b2c0000 - 0x1b2cd000 	C:\WINDOWS\system32\msjter40.dll
0x1b2d0000 - 0x1b2f6000 	C:\WINDOWS\system32\MSJINT40.DLL
0x77e20000 - 0x77e31000 	C:\WINDOWS\system32\Secur32.dll
0x10370000 - 0x105ff000 	C:\WINDOWS\system32\xpsp2res.dll
0x77610000 - 0x776bf000 	C:\WINDOWS\system32\CLBCATQ.DLL
0x77050000 - 0x77115000 	C:\WINDOWS\system32\COMRes.dll
0x77c00000 - 0x77c08000 	C:\WINDOWS\system32\VERSION.dll
0x1b810000 - 0x1b84a000 	C:\WINDOWS\system32\msjtes40.dll
0x02ea0000 - 0x02eab000 	C:\WINDOWS\system32\VBAJET32.DLL
0x111c0000 - 0x11222000 	C:\WINDOWS\system32\expsrv.dll

VM Arguments:
java_command: newmain1
Launcher Type: SUN_STANDARD

Environment Variables:
PATH=C:\Program Files\PC Connectivity Solution\;C:\WINDOWS\system32;C:\WINDOWS;C:\WINDOWS\System32\Wbem;C:\Program Files\Intel\DMIX;C:\Java\jdk1.6\bin
USERNAME=shashi
OS=Windows_NT
PROCESSOR_IDENTIFIER=x86 Family 6 Model 15 Stepping 2, GenuineIntel



---------------  S Y S T E M  ---------------

OS: Windows XP Build 2600 Service Pack 2, v.2096

CPU:total 2 family 6, cmov, cx8, fxsr, mmx, sse, sse2

Memory: 4k page, physical 513540k(151140k free), swap 1255988k(920684k free)

vm_info: Java HotSpot(TM) Client VM (1.6.0-b105) for windows-x86, built on Nov 29 2006 00:48:48 by "java_re" with unknown MS VC++:1310

